<?xml version="1.0" encoding="UTF-8"?>
<testng-results ignored="0" total="2" passed="2" failed="0" skipped="0">
  <reporter-output>
  </reporter-output>
  <suite started-at="2022-04-01T17:02:54 IST" name="OpenCart Test Suite" finished-at="2022-04-01T17:03:19 IST" duration-ms="24331">
    <groups>
      <group name="regression">
        <method signature="TC001_RegisteringAccount.testcaseRegisteringAccount()[pri:0, instance:testCases.TC001_RegisteringAccount@74f0ea28]" name="testcaseRegisteringAccount" class="testCases.TC001_RegisteringAccount"/>
      </group> <!-- regression -->
      <group name="sanity">
        <method signature="TC_002_Login.test_Login()[pri:0, instance:testCases.TC_002_Login@55b699ef]" name="test_Login" class="testCases.TC_002_Login"/>
      </group> <!-- sanity -->
      <group name="master">
        <method signature="TC001_RegisteringAccount.testcaseRegisteringAccount()[pri:0, instance:testCases.TC001_RegisteringAccount@74f0ea28]" name="testcaseRegisteringAccount" class="testCases.TC001_RegisteringAccount"/>
        <method signature="TC_002_Login.test_Login()[pri:0, instance:testCases.TC_002_Login@55b699ef]" name="test_Login" class="testCases.TC_002_Login"/>
      </group> <!-- master -->
    </groups>
    <test started-at="2022-04-01T17:02:54 IST" name="OpenCart Tests" finished-at="2022-04-01T17:03:19 IST" duration-ms="24331">
      <class name="testCases.TC001_RegisteringAccount">
        <test-method is-config="true" signature="setUp(java.lang.String)[pri:0, instance:testCases.TC001_RegisteringAccount@74f0ea28]" started-at="2022-04-01T17:02:54 IST" name="setUp" finished-at="2022-04-01T17:02:59 IST" duration-ms="4191" status="PASS">
          <params>
            <param index="0">
              <value>
                <![CDATA[chrome]]>
              </value>
            </param>
          </params>
          <reporter-output>
          </reporter-output>
        </test-method> <!-- setUp -->
        <test-method signature="testcaseRegisteringAccount()[pri:0, instance:testCases.TC001_RegisteringAccount@74f0ea28]" started-at="2022-04-01T17:02:59 IST" name="testcaseRegisteringAccount" finished-at="2022-04-01T17:03:07 IST" duration-ms="7841" status="PASS">
          <reporter-output>
          </reporter-output>
        </test-method> <!-- testcaseRegisteringAccount -->
        <test-method is-config="true" signature="tearDown()[pri:0, instance:testCases.TC001_RegisteringAccount@74f0ea28]" started-at="2022-04-01T17:03:07 IST" name="tearDown" finished-at="2022-04-01T17:03:07 IST" duration-ms="300" status="PASS">
          <reporter-output>
          </reporter-output>
        </test-method> <!-- tearDown -->
      </class> <!-- testCases.TC001_RegisteringAccount -->
      <class name="testCases.TC_002_Login">
        <test-method is-config="true" signature="setUp(java.lang.String)[pri:0, instance:testCases.TC_002_Login@55b699ef]" started-at="2022-04-01T17:03:07 IST" name="setUp" finished-at="2022-04-01T17:03:09 IST" duration-ms="2297" status="PASS">
          <params>
            <param index="0">
              <value>
                <![CDATA[chrome]]>
              </value>
            </param>
          </params>
          <reporter-output>
          </reporter-output>
        </test-method> <!-- setUp -->
        <test-method signature="test_Login()[pri:0, instance:testCases.TC_002_Login@55b699ef]" started-at="2022-04-01T17:03:09 IST" name="test_Login" finished-at="2022-04-01T17:03:18 IST" duration-ms="9042" status="PASS">
          <reporter-output>
          </reporter-output>
        </test-method> <!-- test_Login -->
        <test-method is-config="true" signature="tearDown()[pri:0, instance:testCases.TC_002_Login@55b699ef]" started-at="2022-04-01T17:03:18 IST" name="tearDown" finished-at="2022-04-01T17:03:19 IST" duration-ms="308" status="PASS">
          <reporter-output>
          </reporter-output>
        </test-method> <!-- tearDown -->
      </class> <!-- testCases.TC_002_Login -->
    </test> <!-- OpenCart Tests -->
  </suite> <!-- OpenCart Test Suite -->
</testng-results>
